<?xml version="1.0" encoding="UTF-8"?>
<!-- Generated by org.testng.reporters.JUnitReportReporter -->
<testsuite skipped="0" hostname="ENG-Omar" name="linkedin.searchTests" tests="2" failures="0" timestamp="2020-12-30T22:05:51 IST" time="271.940" errors="0">
  <testcase name="search_with_filter" time="36.157" classname="linkedin.searchTests"/>
  <system-out/>
  <testcase name="search_with_filter" time="235.783" classname="linkedin.searchTests"/>
  <system-out/>
</testsuite> <!-- linkedin.searchTests -->
