<?xml version="1.0" encoding="UTF-8"?>
<!-- Generated by org.testng.reporters.JUnitReportReporter -->
<testsuite skipped="0" hostname="ENG-Omar" name="linkedin.signinTests" tests="1" failures="0" timestamp="2020-12-27T11:25:03 IST" time="12.532" errors="0">
  <testcase name="user_can_login_successfully" time="12.532" classname="linkedin.signinTests"/>
  <system-out/>
</testsuite> <!-- linkedin.signinTests -->
